<?xml version="1.0" encoding="UTF-8"?>
<testng-results skipped="0" failed="0" ignored="0" total="1" passed="1">
  <reporter-output>
  </reporter-output>
  <suite name="Default suite" duration-ms="54" started-at="2018-03-26T15:40:19Z" finished-at="2018-03-26T15:40:19Z">
    <groups>
    </groups>
    <test name="Default test" duration-ms="54" started-at="2018-03-26T15:40:19Z" finished-at="2018-03-26T15:40:19Z">
      <class name="testScript.Print">
        <test-method status="PASS" signature="Cognizant()[pri:0, instance:testScript.Print@4c70fda8]" name="Cognizant" duration-ms="13" started-at="2018-03-26T15:40:19Z" finished-at="2018-03-26T15:40:19Z">
          <reporter-output>
          </reporter-output>
        </test-method> <!-- Cognizant -->
      </class> <!-- testScript.Print -->
    </test> <!-- Default test -->
  </suite> <!-- Default suite -->
</testng-results>
